{"/Users/abhijeetpatil/Desktop/task-api-submission/task-api/src/app.js": {"path":"/Users/abhijeetpatil/Desktop/task-api-submission/task-api/src/app.js","statementMap":{"0":{"start":{"line":1,"column":16},"end":{"line":1,"column":34}},"1":{"start":{"line":2,"column":19},"end":{"line":2,"column":44}},"2":{"start":{"line":4,"column":12},"end":{"line":4,"column":21}},"3":{"start":{"line":6,"column":0},"end":{"line":6,"column":24}},"4":{"start":{"line":8,"column":0},"end":{"line":24,"column":3}},"5":{"start":{"line":9,"column":2},"end":{"line":23,"column":5}},"6":{"start":{"line":26,"column":0},"end":{"line":26,"column":30}},"7":{"start":{"line":28,"column":0},"end":{"line":31,"column":3}},"8":{"start":{"line":29,"column":2},"end":{"line":29,"column":27}},"9":{"start":{"line":30,"column":2},"end":{"line":30,"column":59}},"10":{"start":{"line":33,"column":13},"end":{"line":33,"column":37}},"11":{"start":{"line":35,"column":0},"end":{"line":39,"column":1}},"12":{"start":{"line":36,"column":2},"end":{"line":38,"column":5}},"13":{"start":{"line":37,"column":4},"end":{"line":37,"column":52}},"14":{"start":{"line":41,"column":0},"end":{"line":41,"column":21}}},"fnMap":{"0":{"name":"(anonymous_0)","decl":{"start":{"line":8,"column":13},"end":{"line":8,"column":14}},"loc":{"start":{"line":8,"column":27},"end":{"line":24,"column":1}},"line":8},"1":{"name":"(anonymous_1)","decl":{"start":{"line":28,"column":8},"end":{"line":28,"column":9}},"loc":{"start":{"line":28,"column":33},"end":{"line":31,"column":1}},"line":28},"2":{"name":"(anonymous_2)","decl":{"start":{"line":36,"column":19},"end":{"line":36,"column":20}},"loc":{"start":{"line":36,"column":25},"end":{"line":38,"column":3}},"line":36}},"branchMap":{"0":{"loc":{"start":{"line":33,"column":13},"end":{"line":33,"column":37}},"type":"binary-expr","locations":[{"start":{"line":33,"column":13},"end":{"line":33,"column":29}},{"start":{"line":33,"column":33},"end":{"line":33,"column":37}}],"line":33},"1":{"loc":{"start":{"line":35,"column":0},"end":{"line":39,"column":1}},"type":"if","locations":[{"start":{"line":35,"column":0},"end":{"line":39,"column":1}},{"start":{},"end":{}}],"line":35}},"s":{"0":2,"1":2,"2":2,"3":2,"4":2,"5":5,"6":2,"7":2,"8":0,"9":0,"10":2,"11":2,"12":0,"13":0,"14":2},"f":{"0":5,"1":0,"2":0},"b":{"0":[2,2],"1":[0,2]},"_coverageSchema":"1a1c01bbd47fc00a2c39e90264f33305004495a9","hash":"63d09abff09de369b44fee1db8cae896a4b09723"}
,"/Users/abhijeetpatil/Desktop/task-api-submission/task-api/src/routes/tasks.js": {"path":"/Users/abhijeetpatil/Desktop/task-api-submission/task-api/src/routes/tasks.js","statementMap":{"0":{"start":{"line":1,"column":16},"end":{"line":1,"column":34}},"1":{"start":{"line":2,"column":15},"end":{"line":2,"column":31}},"2":{"start":{"line":3,"column":20},"end":{"line":3,"column":54}},"3":{"start":{"line":4,"column":69},"end":{"line":4,"column":99}},"4":{"start":{"line":6,"column":0},"end":{"line":9,"column":3}},"5":{"start":{"line":7,"column":16},"end":{"line":7,"column":38}},"6":{"start":{"line":8,"column":2},"end":{"line":8,"column":18}},"7":{"start":{"line":11,"column":0},"end":{"line":28,"column":3}},"8":{"start":{"line":12,"column":34},"end":{"line":12,"column":43}},"9":{"start":{"line":14,"column":2},"end":{"line":17,"column":3}},"10":{"start":{"line":15,"column":18},"end":{"line":15,"column":49}},"11":{"start":{"line":16,"column":4},"end":{"line":16,"column":27}},"12":{"start":{"line":19,"column":2},"end":{"line":24,"column":3}},"13":{"start":{"line":20,"column":20},"end":{"line":20,"column":39}},"14":{"start":{"line":21,"column":21},"end":{"line":21,"column":42}},"15":{"start":{"line":22,"column":18},"end":{"line":22,"column":61}},"16":{"start":{"line":23,"column":4},"end":{"line":23,"column":27}},"17":{"start":{"line":26,"column":16},"end":{"line":26,"column":36}},"18":{"start":{"line":27,"column":2},"end":{"line":27,"column":18}},"19":{"start":{"line":30,"column":0},"end":{"line":38,"column":3}},"20":{"start":{"line":31,"column":16},"end":{"line":31,"column":44}},"21":{"start":{"line":32,"column":2},"end":{"line":34,"column":3}},"22":{"start":{"line":33,"column":4},"end":{"line":33,"column":43}},"23":{"start":{"line":36,"column":15},"end":{"line":36,"column":43}},"24":{"start":{"line":37,"column":2},"end":{"line":37,"column":29}},"25":{"start":{"line":40,"column":0},"end":{"line":52,"column":3}},"26":{"start":{"line":41,"column":16},"end":{"line":41,"column":44}},"27":{"start":{"line":42,"column":2},"end":{"line":44,"column":3}},"28":{"start":{"line":43,"column":4},"end":{"line":43,"column":43}},"29":{"start":{"line":46,"column":15},"end":{"line":46,"column":58}},"30":{"start":{"line":47,"column":2},"end":{"line":49,"column":3}},"31":{"start":{"line":48,"column":4},"end":{"line":48,"column":61}},"32":{"start":{"line":51,"column":2},"end":{"line":51,"column":17}},"33":{"start":{"line":54,"column":0},"end":{"line":61,"column":3}},"34":{"start":{"line":55,"column":18},"end":{"line":55,"column":51}},"35":{"start":{"line":56,"column":2},"end":{"line":58,"column":3}},"36":{"start":{"line":57,"column":4},"end":{"line":57,"column":61}},"37":{"start":{"line":60,"column":2},"end":{"line":60,"column":25}},"38":{"start":{"line":63,"column":0},"end":{"line":75,"column":3}},"39":{"start":{"line":64,"column":16},"end":{"line":64,"column":42}},"40":{"start":{"line":65,"column":2},"end":{"line":67,"column":3}},"41":{"start":{"line":66,"column":4},"end":{"line":66,"column":43}},"42":{"start":{"line":69,"column":15},"end":{"line":69,"column":78}},"43":{"start":{"line":70,"column":2},"end":{"line":72,"column":3}},"44":{"start":{"line":71,"column":4},"end":{"line":71,"column":61}},"45":{"start":{"line":74,"column":2},"end":{"line":74,"column":17}},"46":{"start":{"line":77,"column":0},"end":{"line":84,"column":3}},"47":{"start":{"line":78,"column":15},"end":{"line":78,"column":54}},"48":{"start":{"line":79,"column":2},"end":{"line":81,"column":3}},"49":{"start":{"line":80,"column":4},"end":{"line":80,"column":61}},"50":{"start":{"line":83,"column":2},"end":{"line":83,"column":17}},"51":{"start":{"line":86,"column":0},"end":{"line":86,"column":24}}},"fnMap":{"0":{"name":"(anonymous_0)","decl":{"start":{"line":6,"column":21},"end":{"line":6,"column":22}},"loc":{"start":{"line":6,"column":35},"end":{"line":9,"column":1}},"line":6},"1":{"name":"(anonymous_1)","decl":{"start":{"line":11,"column":16},"end":{"line":11,"column":17}},"loc":{"start":{"line":11,"column":30},"end":{"line":28,"column":1}},"line":11},"2":{"name":"(anonymous_2)","decl":{"start":{"line":30,"column":17},"end":{"line":30,"column":18}},"loc":{"start":{"line":30,"column":31},"end":{"line":38,"column":1}},"line":30},"3":{"name":"(anonymous_3)","decl":{"start":{"line":40,"column":19},"end":{"line":40,"column":20}},"loc":{"start":{"line":40,"column":33},"end":{"line":52,"column":1}},"line":40},"4":{"name":"(anonymous_4)","decl":{"start":{"line":54,"column":22},"end":{"line":54,"column":23}},"loc":{"start":{"line":54,"column":36},"end":{"line":61,"column":1}},"line":54},"5":{"name":"(anonymous_5)","decl":{"start":{"line":63,"column":28},"end":{"line":63,"column":29}},"loc":{"start":{"line":63,"column":42},"end":{"line":75,"column":1}},"line":63},"6":{"name":"(anonymous_6)","decl":{"start":{"line":77,"column":30},"end":{"line":77,"column":31}},"loc":{"start":{"line":77,"column":44},"end":{"line":84,"column":1}},"line":77}},"branchMap":{"0":{"loc":{"start":{"line":14,"column":2},"end":{"line":17,"column":3}},"type":"if","locations":[{"start":{"line":14,"column":2},"end":{"line":17,"column":3}},{"start":{},"end":{}}],"line":14},"1":{"loc":{"start":{"line":19,"column":2},"end":{"line":24,"column":3}},"type":"if","locations":[{"start":{"line":19,"column":2},"end":{"line":24,"column":3}},{"start":{},"end":{}}],"line":19},"2":{"loc":{"start":{"line":19,"column":6},"end":{"line":19,"column":47}},"type":"binary-expr","locations":[{"start":{"line":19,"column":6},"end":{"line":19,"column":24}},{"start":{"line":19,"column":28},"end":{"line":19,"column":47}}],"line":19},"3":{"loc":{"start":{"line":20,"column":20},"end":{"line":20,"column":39}},"type":"binary-expr","locations":[{"start":{"line":20,"column":20},"end":{"line":20,"column":34}},{"start":{"line":20,"column":38},"end":{"line":20,"column":39}}],"line":20},"4":{"loc":{"start":{"line":21,"column":21},"end":{"line":21,"column":42}},"type":"binary-expr","locations":[{"start":{"line":21,"column":21},"end":{"line":21,"column":36}},{"start":{"line":21,"column":40},"end":{"line":21,"column":42}}],"line":21},"5":{"loc":{"start":{"line":32,"column":2},"end":{"line":34,"column":3}},"type":"if","locations":[{"start":{"line":32,"column":2},"end":{"line":34,"column":3}},{"start":{},"end":{}}],"line":32},"6":{"loc":{"start":{"line":42,"column":2},"end":{"line":44,"column":3}},"type":"if","locations":[{"start":{"line":42,"column":2},"end":{"line":44,"column":3}},{"start":{},"end":{}}],"line":42},"7":{"loc":{"start":{"line":47,"column":2},"end":{"line":49,"column":3}},"type":"if","locations":[{"start":{"line":47,"column":2},"end":{"line":49,"column":3}},{"start":{},"end":{}}],"line":47},"8":{"loc":{"start":{"line":56,"column":2},"end":{"line":58,"column":3}},"type":"if","locations":[{"start":{"line":56,"column":2},"end":{"line":58,"column":3}},{"start":{},"end":{}}],"line":56},"9":{"loc":{"start":{"line":65,"column":2},"end":{"line":67,"column":3}},"type":"if","locations":[{"start":{"line":65,"column":2},"end":{"line":67,"column":3}},{"start":{},"end":{}}],"line":65},"10":{"loc":{"start":{"line":70,"column":2},"end":{"line":72,"column":3}},"type":"if","locations":[{"start":{"line":70,"column":2},"end":{"line":72,"column":3}},{"start":{},"end":{}}],"line":70},"11":{"loc":{"start":{"line":79,"column":2},"end":{"line":81,"column":3}},"type":"if","locations":[{"start":{"line":79,"column":2},"end":{"line":81,"column":3}},{"start":{},"end":{}}],"line":79}},"s":{"0":2,"1":2,"2":2,"3":2,"4":2,"5":5,"6":5,"7":2,"8":20,"9":20,"10":4,"11":4,"12":16,"13":7,"14":7,"15":7,"16":7,"17":9,"18":9,"19":2,"20":108,"21":108,"22":8,"23":100,"24":100,"25":2,"26":11,"27":11,"28":3,"29":8,"30":8,"31":1,"32":7,"33":2,"34":7,"35":7,"36":2,"37":5,"38":2,"39":19,"40":19,"41":10,"42":9,"43":9,"44":1,"45":8,"46":2,"47":7,"48":7,"49":1,"50":6,"51":2},"f":{"0":5,"1":20,"2":108,"3":11,"4":7,"5":19,"6":7},"b":{"0":[4,16],"1":[7,9],"2":[16,11],"3":[7,3],"4":[7,0],"5":[8,100],"6":[3,8],"7":[1,7],"8":[2,5],"9":[10,9],"10":[1,8],"11":[1,6]},"_coverageSchema":"1a1c01bbd47fc00a2c39e90264f33305004495a9","hash":"03eafc7e236083129719d734ae311b66baf4900f"}
,"/Users/abhijeetpatil/Desktop/task-api-submission/task-api/src/services/taskService.js": {"path":"/Users/abhijeetpatil/Desktop/task-api-submission/task-api/src/services/taskService.js","statementMap":{"0":{"start":{"line":1,"column":23},"end":{"line":1,"column":38}},"1":{"start":{"line":3,"column":12},"end":{"line":3,"column":14}},"2":{"start":{"line":5,"column":15},"end":{"line":5,"column":31}},"3":{"start":{"line":5,"column":21},"end":{"line":5,"column":31}},"4":{"start":{"line":7,"column":17},"end":{"line":7,"column":55}},"5":{"start":{"line":7,"column":25},"end":{"line":7,"column":55}},"6":{"start":{"line":7,"column":43},"end":{"line":7,"column":54}},"7":{"start":{"line":9,"column":20},"end":{"line":9,"column":72}},"8":{"start":{"line":9,"column":32},"end":{"line":9,"column":72}},"9":{"start":{"line":9,"column":52},"end":{"line":9,"column":71}},"10":{"start":{"line":11,"column":21},"end":{"line":14,"column":1}},"11":{"start":{"line":12,"column":17},"end":{"line":12,"column":35}},"12":{"start":{"line":13,"column":2},"end":{"line":13,"column":45}},"13":{"start":{"line":16,"column":17},"end":{"line":29,"column":1}},"14":{"start":{"line":17,"column":14},"end":{"line":17,"column":24}},"15":{"start":{"line":18,"column":17},"end":{"line":18,"column":53}},"16":{"start":{"line":19,"column":16},"end":{"line":19,"column":17}},"17":{"start":{"line":21,"column":2},"end":{"line":26,"column":5}},"18":{"start":{"line":22,"column":4},"end":{"line":22,"column":59}},"19":{"start":{"line":22,"column":40},"end":{"line":22,"column":59}},"20":{"start":{"line":23,"column":4},"end":{"line":25,"column":5}},"21":{"start":{"line":24,"column":6},"end":{"line":24,"column":16}},"22":{"start":{"line":28,"column":2},"end":{"line":28,"column":32}},"23":{"start":{"line":31,"column":15},"end":{"line":45,"column":1}},"24":{"start":{"line":32,"column":15},"end":{"line":42,"column":3}},"25":{"start":{"line":43,"column":2},"end":{"line":43,"column":19}},"26":{"start":{"line":44,"column":2},"end":{"line":44,"column":14}},"27":{"start":{"line":47,"column":15},"end":{"line":54,"column":1}},"28":{"start":{"line":48,"column":16},"end":{"line":48,"column":51}},"29":{"start":{"line":48,"column":39},"end":{"line":48,"column":50}},"30":{"start":{"line":49,"column":2},"end":{"line":49,"column":32}},"31":{"start":{"line":49,"column":20},"end":{"line":49,"column":32}},"32":{"start":{"line":51,"column":18},"end":{"line":51,"column":48}},"33":{"start":{"line":52,"column":2},"end":{"line":52,"column":25}},"34":{"start":{"line":53,"column":2},"end":{"line":53,"column":17}},"35":{"start":{"line":56,"column":15},"end":{"line":62,"column":1}},"36":{"start":{"line":57,"column":16},"end":{"line":57,"column":51}},"37":{"start":{"line":57,"column":39},"end":{"line":57,"column":50}},"38":{"start":{"line":58,"column":2},"end":{"line":58,"column":33}},"39":{"start":{"line":58,"column":20},"end":{"line":58,"column":33}},"40":{"start":{"line":60,"column":2},"end":{"line":60,"column":25}},"41":{"start":{"line":61,"column":2},"end":{"line":61,"column":14}},"42":{"start":{"line":64,"column":21},"end":{"line":77,"column":1}},"43":{"start":{"line":65,"column":15},"end":{"line":65,"column":27}},"44":{"start":{"line":66,"column":2},"end":{"line":66,"column":25}},"45":{"start":{"line":66,"column":13},"end":{"line":66,"column":25}},"46":{"start":{"line":68,"column":18},"end":{"line":72,"column":3}},"47":{"start":{"line":74,"column":16},"end":{"line":74,"column":51}},"48":{"start":{"line":74,"column":39},"end":{"line":74,"column":50}},"49":{"start":{"line":75,"column":2},"end":{"line":75,"column":25}},"50":{"start":{"line":76,"column":2},"end":{"line":76,"column":17}},"51":{"start":{"line":79,"column":19},"end":{"line":86,"column":1}},"52":{"start":{"line":80,"column":16},"end":{"line":80,"column":51}},"53":{"start":{"line":80,"column":39},"end":{"line":80,"column":50}},"54":{"start":{"line":81,"column":2},"end":{"line":81,"column":32}},"55":{"start":{"line":81,"column":20},"end":{"line":81,"column":32}},"56":{"start":{"line":83,"column":18},"end":{"line":83,"column":47}},"57":{"start":{"line":84,"column":2},"end":{"line":84,"column":25}},"58":{"start":{"line":85,"column":2},"end":{"line":85,"column":17}},"59":{"start":{"line":88,"column":15},"end":{"line":90,"column":1}},"60":{"start":{"line":89,"column":2},"end":{"line":89,"column":13}},"61":{"start":{"line":92,"column":0},"end":{"line":104,"column":2}}},"fnMap":{"0":{"name":"(anonymous_0)","decl":{"start":{"line":5,"column":15},"end":{"line":5,"column":16}},"loc":{"start":{"line":5,"column":21},"end":{"line":5,"column":31}},"line":5},"1":{"name":"(anonymous_1)","decl":{"start":{"line":7,"column":17},"end":{"line":7,"column":18}},"loc":{"start":{"line":7,"column":25},"end":{"line":7,"column":55}},"line":7},"2":{"name":"(anonymous_2)","decl":{"start":{"line":7,"column":36},"end":{"line":7,"column":37}},"loc":{"start":{"line":7,"column":43},"end":{"line":7,"column":54}},"line":7},"3":{"name":"(anonymous_3)","decl":{"start":{"line":9,"column":20},"end":{"line":9,"column":21}},"loc":{"start":{"line":9,"column":32},"end":{"line":9,"column":72}},"line":9},"4":{"name":"(anonymous_4)","decl":{"start":{"line":9,"column":45},"end":{"line":9,"column":46}},"loc":{"start":{"line":9,"column":52},"end":{"line":9,"column":71}},"line":9},"5":{"name":"(anonymous_5)","decl":{"start":{"line":11,"column":21},"end":{"line":11,"column":22}},"loc":{"start":{"line":11,"column":38},"end":{"line":14,"column":1}},"line":11},"6":{"name":"(anonymous_6)","decl":{"start":{"line":16,"column":17},"end":{"line":16,"column":18}},"loc":{"start":{"line":16,"column":23},"end":{"line":29,"column":1}},"line":16},"7":{"name":"(anonymous_7)","decl":{"start":{"line":21,"column":16},"end":{"line":21,"column":17}},"loc":{"start":{"line":21,"column":23},"end":{"line":26,"column":3}},"line":21},"8":{"name":"(anonymous_8)","decl":{"start":{"line":31,"column":15},"end":{"line":31,"column":16}},"loc":{"start":{"line":31,"column":102},"end":{"line":45,"column":1}},"line":31},"9":{"name":"(anonymous_9)","decl":{"start":{"line":47,"column":15},"end":{"line":47,"column":16}},"loc":{"start":{"line":47,"column":31},"end":{"line":54,"column":1}},"line":47},"10":{"name":"(anonymous_10)","decl":{"start":{"line":48,"column":32},"end":{"line":48,"column":33}},"loc":{"start":{"line":48,"column":39},"end":{"line":48,"column":50}},"line":48},"11":{"name":"(anonymous_11)","decl":{"start":{"line":56,"column":15},"end":{"line":56,"column":16}},"loc":{"start":{"line":56,"column":23},"end":{"line":62,"column":1}},"line":56},"12":{"name":"(anonymous_12)","decl":{"start":{"line":57,"column":32},"end":{"line":57,"column":33}},"loc":{"start":{"line":57,"column":39},"end":{"line":57,"column":50}},"line":57},"13":{"name":"(anonymous_13)","decl":{"start":{"line":64,"column":21},"end":{"line":64,"column":22}},"loc":{"start":{"line":64,"column":29},"end":{"line":77,"column":1}},"line":64},"14":{"name":"(anonymous_14)","decl":{"start":{"line":74,"column":32},"end":{"line":74,"column":33}},"loc":{"start":{"line":74,"column":39},"end":{"line":74,"column":50}},"line":74},"15":{"name":"(anonymous_15)","decl":{"start":{"line":79,"column":19},"end":{"line":79,"column":20}},"loc":{"start":{"line":79,"column":37},"end":{"line":86,"column":1}},"line":79},"16":{"name":"(anonymous_16)","decl":{"start":{"line":80,"column":32},"end":{"line":80,"column":33}},"loc":{"start":{"line":80,"column":39},"end":{"line":80,"column":50}},"line":80},"17":{"name":"(anonymous_17)","decl":{"start":{"line":88,"column":15},"end":{"line":88,"column":16}},"loc":{"start":{"line":88,"column":21},"end":{"line":90,"column":1}},"line":88}},"branchMap":{"0":{"loc":{"start":{"line":22,"column":4},"end":{"line":22,"column":59}},"type":"if","locations":[{"start":{"line":22,"column":4},"end":{"line":22,"column":59}},{"start":{},"end":{}}],"line":22},"1":{"loc":{"start":{"line":23,"column":4},"end":{"line":25,"column":5}},"type":"if","locations":[{"start":{"line":23,"column":4},"end":{"line":25,"column":5}},{"start":{},"end":{}}],"line":23},"2":{"loc":{"start":{"line":23,"column":8},"end":{"line":23,"column":69}},"type":"binary-expr","locations":[{"start":{"line":23,"column":8},"end":{"line":23,"column":17}},{"start":{"line":23,"column":21},"end":{"line":23,"column":40}},{"start":{"line":23,"column":44},"end":{"line":23,"column":69}}],"line":23},"3":{"loc":{"start":{"line":31,"column":25},"end":{"line":31,"column":41}},"type":"default-arg","locations":[{"start":{"line":31,"column":39},"end":{"line":31,"column":41}}],"line":31},"4":{"loc":{"start":{"line":31,"column":43},"end":{"line":31,"column":58}},"type":"default-arg","locations":[{"start":{"line":31,"column":52},"end":{"line":31,"column":58}}],"line":31},"5":{"loc":{"start":{"line":31,"column":60},"end":{"line":31,"column":79}},"type":"default-arg","locations":[{"start":{"line":31,"column":71},"end":{"line":31,"column":79}}],"line":31},"6":{"loc":{"start":{"line":31,"column":81},"end":{"line":31,"column":95}},"type":"default-arg","locations":[{"start":{"line":31,"column":91},"end":{"line":31,"column":95}}],"line":31},"7":{"loc":{"start":{"line":49,"column":2},"end":{"line":49,"column":32}},"type":"if","locations":[{"start":{"line":49,"column":2},"end":{"line":49,"column":32}},{"start":{},"end":{}}],"line":49},"8":{"loc":{"start":{"line":58,"column":2},"end":{"line":58,"column":33}},"type":"if","locations":[{"start":{"line":58,"column":2},"end":{"line":58,"column":33}},{"start":{},"end":{}}],"line":58},"9":{"loc":{"start":{"line":66,"column":2},"end":{"line":66,"column":25}},"type":"if","locations":[{"start":{"line":66,"column":2},"end":{"line":66,"column":25}},{"start":{},"end":{}}],"line":66},"10":{"loc":{"start":{"line":81,"column":2},"end":{"line":81,"column":32}},"type":"if","locations":[{"start":{"line":81,"column":2},"end":{"line":81,"column":32}},{"start":{},"end":{}}],"line":81}},"s":{"0":3,"1":3,"2":3,"3":18,"4":3,"5":22,"6":18,"7":3,"8":9,"9":32,"10":3,"11":13,"12":13,"13":3,"14":10,"15":10,"16":10,"17":10,"18":16,"19":16,"20":16,"21":3,"22":10,"23":3,"24":205,"25":205,"26":205,"27":3,"28":15,"29":15,"30":15,"31":3,"32":12,"33":12,"34":12,"35":3,"36":12,"37":11,"38":12,"39":4,"40":8,"41":8,"42":3,"43":13,"44":13,"45":3,"46":10,"47":10,"48":10,"49":10,"50":10,"51":3,"52":18,"53":17,"54":18,"55":4,"56":14,"57":14,"58":14,"59":3,"60":132,"61":3},"f":{"0":18,"1":22,"2":18,"3":9,"4":32,"5":13,"6":10,"7":16,"8":205,"9":15,"10":15,"11":12,"12":11,"13":13,"14":10,"15":18,"16":17,"17":132},"b":{"0":[16,0],"1":[3,13],"2":[16,11,7],"3":[7],"4":[7],"5":[6],"6":[7],"7":[3,12],"8":[4,8],"9":[3,10],"10":[4,14]},"_coverageSchema":"1a1c01bbd47fc00a2c39e90264f33305004495a9","hash":"981d92e1b586424c7afc7511836d697b6fe77268"}
,"/Users/abhijeetpatil/Desktop/task-api-submission/task-api/src/utils/validators.js": {"path":"/Users/abhijeetpatil/Desktop/task-api-submission/task-api/src/utils/validators.js","statementMap":{"0":{"start":{"line":1,"column":23},"end":{"line":1,"column":54}},"1":{"start":{"line":2,"column":25},"end":{"line":2,"column":50}},"2":{"start":{"line":4,"column":27},"end":{"line":21,"column":1}},"3":{"start":{"line":5,"column":2},"end":{"line":7,"column":3}},"4":{"start":{"line":6,"column":4},"end":{"line":6,"column":54}},"5":{"start":{"line":8,"column":2},"end":{"line":10,"column":3}},"6":{"start":{"line":9,"column":4},"end":{"line":9,"column":62}},"7":{"start":{"line":11,"column":2},"end":{"line":13,"column":3}},"8":{"start":{"line":12,"column":4},"end":{"line":12,"column":65}},"9":{"start":{"line":14,"column":2},"end":{"line":16,"column":3}},"10":{"start":{"line":15,"column":4},"end":{"line":15,"column":69}},"11":{"start":{"line":17,"column":2},"end":{"line":19,"column":3}},"12":{"start":{"line":18,"column":4},"end":{"line":18,"column":53}},"13":{"start":{"line":20,"column":2},"end":{"line":20,"column":14}},"14":{"start":{"line":23,"column":27},"end":{"line":40,"column":1}},"15":{"start":{"line":24,"column":2},"end":{"line":26,"column":3}},"16":{"start":{"line":25,"column":4},"end":{"line":25,"column":54}},"17":{"start":{"line":27,"column":2},"end":{"line":29,"column":3}},"18":{"start":{"line":28,"column":4},"end":{"line":28,"column":46}},"19":{"start":{"line":30,"column":2},"end":{"line":32,"column":3}},"20":{"start":{"line":31,"column":4},"end":{"line":31,"column":65}},"21":{"start":{"line":33,"column":2},"end":{"line":35,"column":3}},"22":{"start":{"line":34,"column":4},"end":{"line":34,"column":69}},"23":{"start":{"line":36,"column":2},"end":{"line":38,"column":3}},"24":{"start":{"line":37,"column":4},"end":{"line":37,"column":53}},"25":{"start":{"line":39,"column":2},"end":{"line":39,"column":14}},"26":{"start":{"line":42,"column":28},"end":{"line":42,"column":31}},"27":{"start":{"line":44,"column":25},"end":{"line":61,"column":1}},"28":{"start":{"line":45,"column":2},"end":{"line":47,"column":3}},"29":{"start":{"line":46,"column":4},"end":{"line":46,"column":54}},"30":{"start":{"line":48,"column":2},"end":{"line":50,"column":3}},"31":{"start":{"line":49,"column":4},"end":{"line":49,"column":34}},"32":{"start":{"line":51,"column":2},"end":{"line":53,"column":3}},"33":{"start":{"line":52,"column":4},"end":{"line":52,"column":39}},"34":{"start":{"line":54,"column":2},"end":{"line":56,"column":3}},"35":{"start":{"line":55,"column":4},"end":{"line":55,"column":54}},"36":{"start":{"line":57,"column":2},"end":{"line":59,"column":3}},"37":{"start":{"line":58,"column":4},"end":{"line":58,"column":72}},"38":{"start":{"line":60,"column":2},"end":{"line":60,"column":14}},"39":{"start":{"line":63,"column":0},"end":{"line":63,"column":78}}},"fnMap":{"0":{"name":"(anonymous_0)","decl":{"start":{"line":4,"column":27},"end":{"line":4,"column":28}},"loc":{"start":{"line":4,"column":37},"end":{"line":21,"column":1}},"line":4},"1":{"name":"(anonymous_1)","decl":{"start":{"line":23,"column":27},"end":{"line":23,"column":28}},"loc":{"start":{"line":23,"column":37},"end":{"line":40,"column":1}},"line":23},"2":{"name":"(anonymous_2)","decl":{"start":{"line":44,"column":25},"end":{"line":44,"column":26}},"loc":{"start":{"line":44,"column":35},"end":{"line":61,"column":1}},"line":44}},"branchMap":{"0":{"loc":{"start":{"line":5,"column":2},"end":{"line":7,"column":3}},"type":"if","locations":[{"start":{"line":5,"column":2},"end":{"line":7,"column":3}},{"start":{},"end":{}}],"line":5},"1":{"loc":{"start":{"line":5,"column":6},"end":{"line":5,"column":62}},"type":"binary-expr","locations":[{"start":{"line":5,"column":6},"end":{"line":5,"column":11}},{"start":{"line":5,"column":15},"end":{"line":5,"column":39}},{"start":{"line":5,"column":43},"end":{"line":5,"column":62}}],"line":5},"2":{"loc":{"start":{"line":8,"column":2},"end":{"line":10,"column":3}},"type":"if","locations":[{"start":{"line":8,"column":2},"end":{"line":10,"column":3}},{"start":{},"end":{}}],"line":8},"3":{"loc":{"start":{"line":8,"column":6},"end":{"line":8,"column":79}},"type":"binary-expr","locations":[{"start":{"line":8,"column":6},"end":{"line":8,"column":17}},{"start":{"line":8,"column":21},"end":{"line":8,"column":51}},{"start":{"line":8,"column":55},"end":{"line":8,"column":79}}],"line":8},"4":{"loc":{"start":{"line":11,"column":2},"end":{"line":13,"column":3}},"type":"if","locations":[{"start":{"line":11,"column":2},"end":{"line":13,"column":3}},{"start":{},"end":{}}],"line":11},"5":{"loc":{"start":{"line":11,"column":6},"end":{"line":11,"column":58}},"type":"binary-expr","locations":[{"start":{"line":11,"column":6},"end":{"line":11,"column":17}},{"start":{"line":11,"column":21},"end":{"line":11,"column":58}}],"line":11},"6":{"loc":{"start":{"line":14,"column":2},"end":{"line":16,"column":3}},"type":"if","locations":[{"start":{"line":14,"column":2},"end":{"line":16,"column":3}},{"start":{},"end":{}}],"line":14},"7":{"loc":{"start":{"line":14,"column":6},"end":{"line":14,"column":64}},"type":"binary-expr","locations":[{"start":{"line":14,"column":6},"end":{"line":14,"column":19}},{"start":{"line":14,"column":23},"end":{"line":14,"column":64}}],"line":14},"8":{"loc":{"start":{"line":17,"column":2},"end":{"line":19,"column":3}},"type":"if","locations":[{"start":{"line":17,"column":2},"end":{"line":19,"column":3}},{"start":{},"end":{}}],"line":17},"9":{"loc":{"start":{"line":17,"column":6},"end":{"line":17,"column":61}},"type":"binary-expr","locations":[{"start":{"line":17,"column":6},"end":{"line":17,"column":26}},{"start":{"line":17,"column":30},"end":{"line":17,"column":61}}],"line":17},"10":{"loc":{"start":{"line":24,"column":2},"end":{"line":26,"column":3}},"type":"if","locations":[{"start":{"line":24,"column":2},"end":{"line":26,"column":3}},{"start":{},"end":{}}],"line":24},"11":{"loc":{"start":{"line":24,"column":6},"end":{"line":24,"column":62}},"type":"binary-expr","locations":[{"start":{"line":24,"column":6},"end":{"line":24,"column":11}},{"start":{"line":24,"column":15},"end":{"line":24,"column":39}},{"start":{"line":24,"column":43},"end":{"line":24,"column":62}}],"line":24},"12":{"loc":{"start":{"line":27,"column":2},"end":{"line":29,"column":3}},"type":"if","locations":[{"start":{"line":27,"column":2},"end":{"line":29,"column":3}},{"start":{},"end":{}}],"line":27},"13":{"loc":{"start":{"line":27,"column":6},"end":{"line":27,"column":94}},"type":"binary-expr","locations":[{"start":{"line":27,"column":6},"end":{"line":27,"column":30}},{"start":{"line":27,"column":35},"end":{"line":27,"column":65}},{"start":{"line":27,"column":69},"end":{"line":27,"column":93}}],"line":27},"14":{"loc":{"start":{"line":30,"column":2},"end":{"line":32,"column":3}},"type":"if","locations":[{"start":{"line":30,"column":2},"end":{"line":32,"column":3}},{"start":{},"end":{}}],"line":30},"15":{"loc":{"start":{"line":30,"column":6},"end":{"line":30,"column":58}},"type":"binary-expr","locations":[{"start":{"line":30,"column":6},"end":{"line":30,"column":17}},{"start":{"line":30,"column":21},"end":{"line":30,"column":58}}],"line":30},"16":{"loc":{"start":{"line":33,"column":2},"end":{"line":35,"column":3}},"type":"if","locations":[{"start":{"line":33,"column":2},"end":{"line":35,"column":3}},{"start":{},"end":{}}],"line":33},"17":{"loc":{"start":{"line":33,"column":6},"end":{"line":33,"column":64}},"type":"binary-expr","locations":[{"start":{"line":33,"column":6},"end":{"line":33,"column":19}},{"start":{"line":33,"column":23},"end":{"line":33,"column":64}}],"line":33},"18":{"loc":{"start":{"line":36,"column":2},"end":{"line":38,"column":3}},"type":"if","locations":[{"start":{"line":36,"column":2},"end":{"line":38,"column":3}},{"start":{},"end":{}}],"line":36},"19":{"loc":{"start":{"line":36,"column":6},"end":{"line":36,"column":61}},"type":"binary-expr","locations":[{"start":{"line":36,"column":6},"end":{"line":36,"column":26}},{"start":{"line":36,"column":30},"end":{"line":36,"column":61}}],"line":36},"20":{"loc":{"start":{"line":45,"column":2},"end":{"line":47,"column":3}},"type":"if","locations":[{"start":{"line":45,"column":2},"end":{"line":47,"column":3}},{"start":{},"end":{}}],"line":45},"21":{"loc":{"start":{"line":45,"column":6},"end":{"line":45,"column":62}},"type":"binary-expr","locations":[{"start":{"line":45,"column":6},"end":{"line":45,"column":11}},{"start":{"line":45,"column":15},"end":{"line":45,"column":39}},{"start":{"line":45,"column":43},"end":{"line":45,"column":62}}],"line":45},"22":{"loc":{"start":{"line":48,"column":2},"end":{"line":50,"column":3}},"type":"if","locations":[{"start":{"line":48,"column":2},"end":{"line":50,"column":3}},{"start":{},"end":{}}],"line":48},"23":{"loc":{"start":{"line":48,"column":6},"end":{"line":48,"column":59}},"type":"binary-expr","locations":[{"start":{"line":48,"column":6},"end":{"line":48,"column":33}},{"start":{"line":48,"column":37},"end":{"line":48,"column":59}}],"line":48},"24":{"loc":{"start":{"line":51,"column":2},"end":{"line":53,"column":3}},"type":"if","locations":[{"start":{"line":51,"column":2},"end":{"line":53,"column":3}},{"start":{},"end":{}}],"line":51},"25":{"loc":{"start":{"line":54,"column":2},"end":{"line":56,"column":3}},"type":"if","locations":[{"start":{"line":54,"column":2},"end":{"line":56,"column":3}},{"start":{},"end":{}}],"line":54},"26":{"loc":{"start":{"line":57,"column":2},"end":{"line":59,"column":3}},"type":"if","locations":[{"start":{"line":57,"column":2},"end":{"line":59,"column":3}},{"start":{},"end":{}}],"line":57}},"s":{"0":3,"1":3,"2":3,"3":138,"4":3,"5":135,"6":13,"7":122,"8":4,"9":118,"10":3,"11":115,"12":4,"13":111,"14":3,"15":36,"16":3,"17":33,"18":4,"19":29,"20":3,"21":26,"22":1,"23":25,"24":3,"25":22,"26":3,"27":3,"28":43,"29":4,"30":39,"31":6,"32":33,"33":8,"34":25,"35":5,"36":20,"37":3,"38":17,"39":3},"f":{"0":138,"1":36,"2":43},"b":{"0":[3,135],"1":[138,136,136],"2":[13,122],"3":[135,128,124],"4":[4,118],"5":[122,107],"6":[3,115],"7":[118,106],"8":[4,111],"9":[115,104],"10":[3,33],"11":[36,34,34],"12":[4,29],"13":[33,9,8],"14":[3,26],"15":[29,11],"16":[1,25],"17":[26,7],"18":[3,22],"19":[25,6],"20":[4,39],"21":[43,41,40],"22":[6,33],"23":[39,35],"24":[8,25],"25":[5,20],"26":[3,17]},"_coverageSchema":"1a1c01bbd47fc00a2c39e90264f33305004495a9","hash":"f8190499106fad103c7989df9eeea2ac4f25e7e7"}
}
