TN:
SF:src/app.js
FN:8,(anonymous_0)
FN:28,(anonymous_1)
FN:36,(anonymous_2)
FNF:3
FNH:1
FNDA:5,(anonymous_0)
FNDA:0,(anonymous_1)
FNDA:0,(anonymous_2)
DA:1,2
DA:2,2
DA:4,2
DA:6,2
DA:8,2
DA:9,5
DA:26,2
DA:28,2
DA:29,0
DA:30,0
DA:33,2
DA:35,2
DA:36,0
DA:37,0
DA:41,2
LF:15
LH:11
BRDA:33,0,0,2
BRDA:33,0,1,2
BRDA:35,1,0,0
BRDA:35,1,1,2
BRF:4
BRH:3
end_of_record
TN:
SF:src/routes/tasks.js
FN:6,(anonymous_0)
FN:11,(anonymous_1)
FN:30,(anonymous_2)
FN:40,(anonymous_3)
FN:54,(anonymous_4)
FN:63,(anonymous_5)
FN:77,(anonymous_6)
FNF:7
FNH:7
FNDA:5,(anonymous_0)
FNDA:20,(anonymous_1)
FNDA:108,(anonymous_2)
FNDA:11,(anonymous_3)
FNDA:7,(anonymous_4)
FNDA:19,(anonymous_5)
FNDA:7,(anonymous_6)
DA:1,2
DA:2,2
DA:3,2
DA:4,2
DA:6,2
DA:7,5
DA:8,5
DA:11,2
DA:12,20
DA:14,20
DA:15,4
DA:16,4
DA:19,16
DA:20,7
DA:21,7
DA:22,7
DA:23,7
DA:26,9
DA:27,9
DA:30,2
DA:31,108
DA:32,108
DA:33,8
DA:36,100
DA:37,100
DA:40,2
DA:41,11
DA:42,11
DA:43,3
DA:46,8
DA:47,8
DA:48,1
DA:51,7
DA:54,2
DA:55,7
DA:56,7
DA:57,2
DA:60,5
DA:63,2
DA:64,19
DA:65,19
DA:66,10
DA:69,9
DA:70,9
DA:71,1
DA:74,8
DA:77,2
DA:78,7
DA:79,7
DA:80,1
DA:83,6
DA:86,2
LF:52
LH:52
BRDA:14,0,0,4
BRDA:14,0,1,16
BRDA:19,1,0,7
BRDA:19,1,1,9
BRDA:19,2,0,16
BRDA:19,2,1,11
BRDA:20,3,0,7
BRDA:20,3,1,3
BRDA:21,4,0,7
BRDA:21,4,1,0
BRDA:32,5,0,8
BRDA:32,5,1,100
BRDA:42,6,0,3
BRDA:42,6,1,8
BRDA:47,7,0,1
BRDA:47,7,1,7
BRDA:56,8,0,2
BRDA:56,8,1,5
BRDA:65,9,0,10
BRDA:65,9,1,9
BRDA:70,10,0,1
BRDA:70,10,1,8
BRDA:79,11,0,1
BRDA:79,11,1,6
BRF:24
BRH:23
end_of_record
TN:
SF:src/services/taskService.js
FN:5,(anonymous_0)
FN:7,(anonymous_1)
FN:7,(anonymous_2)
FN:9,(anonymous_3)
FN:9,(anonymous_4)
FN:11,(anonymous_5)
FN:16,(anonymous_6)
FN:21,(anonymous_7)
FN:31,(anonymous_8)
FN:47,(anonymous_9)
FN:48,(anonymous_10)
FN:56,(anonymous_11)
FN:57,(anonymous_12)
FN:64,(anonymous_13)
FN:74,(anonymous_14)
FN:79,(anonymous_15)
FN:80,(anonymous_16)
FN:88,(anonymous_17)
FNF:18
FNH:18
FNDA:18,(anonymous_0)
FNDA:22,(anonymous_1)
FNDA:18,(anonymous_2)
FNDA:9,(anonymous_3)
FNDA:32,(anonymous_4)
FNDA:13,(anonymous_5)
FNDA:10,(anonymous_6)
FNDA:16,(anonymous_7)
FNDA:205,(anonymous_8)
FNDA:15,(anonymous_9)
FNDA:15,(anonymous_10)
FNDA:12,(anonymous_11)
FNDA:11,(anonymous_12)
FNDA:13,(anonymous_13)
FNDA:10,(anonymous_14)
FNDA:18,(anonymous_15)
FNDA:17,(anonymous_16)
FNDA:132,(anonymous_17)
DA:1,3
DA:3,3
DA:5,18
DA:7,22
DA:9,32
DA:11,3
DA:12,13
DA:13,13
DA:16,3
DA:17,10
DA:18,10
DA:19,10
DA:21,10
DA:22,16
DA:23,16
DA:24,3
DA:28,10
DA:31,3
DA:32,205
DA:43,205
DA:44,205
DA:47,3
DA:48,15
DA:49,15
DA:51,12
DA:52,12
DA:53,12
DA:56,3
DA:57,12
DA:58,12
DA:60,8
DA:61,8
DA:64,3
DA:65,13
DA:66,13
DA:68,10
DA:74,10
DA:75,10
DA:76,10
DA:79,3
DA:80,18
DA:81,18
DA:83,14
DA:84,14
DA:85,14
DA:88,3
DA:89,132
DA:92,3
LF:48
LH:48
BRDA:22,0,0,16
BRDA:22,0,1,0
BRDA:23,1,0,3
BRDA:23,1,1,13
BRDA:23,2,0,16
BRDA:23,2,1,11
BRDA:23,2,2,7
BRDA:31,3,0,7
BRDA:31,4,0,7
BRDA:31,5,0,6
BRDA:31,6,0,7
BRDA:49,7,0,3
BRDA:49,7,1,12
BRDA:58,8,0,4
BRDA:58,8,1,8
BRDA:66,9,0,3
BRDA:66,9,1,10
BRDA:81,10,0,4
BRDA:81,10,1,14
BRF:19
BRH:18
end_of_record
TN:
SF:src/utils/validators.js
FN:4,(anonymous_0)
FN:23,(anonymous_1)
FN:44,(anonymous_2)
FNF:3
FNH:3
FNDA:138,(anonymous_0)
FNDA:36,(anonymous_1)
FNDA:43,(anonymous_2)
DA:1,3
DA:2,3
DA:4,3
DA:5,138
DA:6,3
DA:8,135
DA:9,13
DA:11,122
DA:12,4
DA:14,118
DA:15,3
DA:17,115
DA:18,4
DA:20,111
DA:23,3
DA:24,36
DA:25,3
DA:27,33
DA:28,4
DA:30,29
DA:31,3
DA:33,26
DA:34,1
DA:36,25
DA:37,3
DA:39,22
DA:42,3
DA:44,3
DA:45,43
DA:46,4
DA:48,39
DA:49,6
DA:51,33
DA:52,8
DA:54,25
DA:55,5
DA:57,20
DA:58,3
DA:60,17
DA:63,3
LF:40
LH:40
BRDA:5,0,0,3
BRDA:5,0,1,135
BRDA:5,1,0,138
BRDA:5,1,1,136
BRDA:5,1,2,136
BRDA:8,2,0,13
BRDA:8,2,1,122
BRDA:8,3,0,135
BRDA:8,3,1,128
BRDA:8,3,2,124
BRDA:11,4,0,4
BRDA:11,4,1,118
BRDA:11,5,0,122
BRDA:11,5,1,107
BRDA:14,6,0,3
BRDA:14,6,1,115
BRDA:14,7,0,118
BRDA:14,7,1,106
BRDA:17,8,0,4
BRDA:17,8,1,111
BRDA:17,9,0,115
BRDA:17,9,1,104
BRDA:24,10,0,3
BRDA:24,10,1,33
BRDA:24,11,0,36
BRDA:24,11,1,34
BRDA:24,11,2,34
BRDA:27,12,0,4
BRDA:27,12,1,29
BRDA:27,13,0,33
BRDA:27,13,1,9
BRDA:27,13,2,8
BRDA:30,14,0,3
BRDA:30,14,1,26
BRDA:30,15,0,29
BRDA:30,15,1,11
BRDA:33,16,0,1
BRDA:33,16,1,25
BRDA:33,17,0,26
BRDA:33,17,1,7
BRDA:36,18,0,3
BRDA:36,18,1,22
BRDA:36,19,0,25
BRDA:36,19,1,6
BRDA:45,20,0,4
BRDA:45,20,1,39
BRDA:45,21,0,43
BRDA:45,21,1,41
BRDA:45,21,2,40
BRDA:48,22,0,6
BRDA:48,22,1,33
BRDA:48,23,0,39
BRDA:48,23,1,35
BRDA:51,24,0,8
BRDA:51,24,1,25
BRDA:54,25,0,5
BRDA:54,25,1,20
BRDA:57,26,0,3
BRDA:57,26,1,17
BRF:59
BRH:59
end_of_record
